2023-01-13 22:37:32.520  INFO 66818 --- [restartedMain] com.birdnest.application.Application     : Starting Application using Java 19.0.1 on Itoes-MBP with PID 66818 (/Users/itoekimura/Code/BIRDNEST/hilla/birdnest/target/classes started by itoekimura in /Users/itoekimura/Code/BIRDNEST/hilla/birdnest)
2023-01-13 22:37:32.522  INFO 66818 --- [restartedMain] com.birdnest.application.Application     : No active profile set, falling back to 1 default profile: "default"
2023-01-13 22:37:32.557  INFO 66818 --- [restartedMain] .e.DevToolsPropertyDefaultsPostProcessor : Devtools property defaults active! Set 'spring.devtools.add-properties' to 'false' to disable
2023-01-13 22:37:32.557  INFO 66818 --- [restartedMain] .e.DevToolsPropertyDefaultsPostProcessor : For additional web related logging consider setting the 'logging.level.web' property to 'DEBUG'
2023-01-13 22:37:33.228  INFO 66818 --- [restartedMain] o.s.b.w.embedded.tomcat.TomcatWebServer  : Tomcat initialized with port(s): 8080 (http)
2023-01-13 22:37:33.240  INFO 66818 --- [restartedMain] o.apache.catalina.core.StandardService   : Starting service [Tomcat]
2023-01-13 22:37:33.241  INFO 66818 --- [restartedMain] org.apache.catalina.core.StandardEngine  : Starting Servlet engine: [Apache Tomcat/9.0.68]
2023-01-13 22:37:33.288  INFO 66818 --- [restartedMain] o.a.c.c.C.[Tomcat].[localhost].[/]       : Initializing Spring embedded WebApplicationContext
2023-01-13 22:37:33.288  INFO 66818 --- [restartedMain] w.s.c.ServletWebServerApplicationContext : Root WebApplicationContext: initialization completed in 730 ms
2023-01-13 22:37:33.382  INFO 66818 --- [restartedMain] c.v.f.s.VaadinServletContextInitializer  : Search for VaadinAppShell took 13 ms
2023-01-13 22:37:33.652  INFO 66818 --- [restartedMain] c.v.f.s.VaadinServletContextInitializer  : Search for subclasses and classes with annotations took 238 ms
2023-01-13 22:37:33.705  INFO 66818 --- [restartedMain] c.v.b.d.startup.DevModeStartupListener   : Starting dev-mode updaters in /Users/itoekimura/Code/BIRDNEST/hilla/birdnest folder.
2023-01-13 22:37:33.721  INFO 66818 --- [restartedMain] c.v.f.s.f.s.FullDependenciesScanner      : Visited 11 classes. Took 8 ms.
2023-01-13 22:37:34.217  INFO 66818 --- [restartedMain] o.s.b.d.a.OptionalLiveReloadServer       : LiveReload server is running on port 35729
2023-01-13 22:37:34.250  INFO 66818 --- [ForkJoinPool.commonPool-worker-1] i.s.c.v3.ignore.CodegenIgnoreProcessor   : No .swagger-codegen-ignore file found.
2023-01-13 22:37:34.281  INFO 66818 --- [restartedMain] c.v.f.s.DefaultDeploymentConfiguration   : 
Vaadin is running in DEVELOPMENT mode - do not use for production deployments.
2023-01-13 22:37:34.301  INFO 66818 --- [restartedMain] o.s.b.w.embedded.tomcat.TomcatWebServer  : Tomcat started on port(s): 8080 (http) with context path ''
2023-01-13 22:37:34.310  INFO 66818 --- [restartedMain] com.birdnest.application.Application     : Started Application in 2.03 seconds (JVM running for 2.322)
2023-01-13 22:37:34.364  INFO 66818 --- [ForkJoinPool.commonPool-worker-1] io.swagger.codegen.v3.AbstractGenerator  : writing file /Users/itoekimura/Code/BIRDNEST/hilla/birdnest/frontend/generated/com/birdnest/application/data/DroneModel.ts
2023-01-13 22:37:34.373  INFO 66818 --- [ForkJoinPool.commonPool-worker-1] io.swagger.codegen.v3.AbstractGenerator  : writing file /Users/itoekimura/Code/BIRDNEST/hilla/birdnest/frontend/generated/com/birdnest/application/data/Drone.ts
2023-01-13 22:37:34.379  INFO 66818 --- [ForkJoinPool.commonPool-worker-1] io.swagger.codegen.v3.AbstractGenerator  : writing file /Users/itoekimura/Code/BIRDNEST/hilla/birdnest/frontend/generated/com/birdnest/application/data/PilotModel.ts
2023-01-13 22:37:34.384  INFO 66818 --- [ForkJoinPool.commonPool-worker-1] io.swagger.codegen.v3.AbstractGenerator  : writing file /Users/itoekimura/Code/BIRDNEST/hilla/birdnest/frontend/generated/com/birdnest/application/data/Pilot.ts
2023-01-13 22:37:34.389  INFO 66818 --- [ForkJoinPool.commonPool-worker-1] io.swagger.codegen.v3.AbstractGenerator  : writing file /Users/itoekimura/Code/BIRDNEST/hilla/birdnest/frontend/generated/com/birdnest/application/data/ViolatorModel.ts
2023-01-13 22:37:34.393  INFO 66818 --- [ForkJoinPool.commonPool-worker-1] io.swagger.codegen.v3.AbstractGenerator  : writing file /Users/itoekimura/Code/BIRDNEST/hilla/birdnest/frontend/generated/com/birdnest/application/data/Violator.ts
2023-01-13 22:37:34.398  INFO 66818 --- [ForkJoinPool.commonPool-worker-1] io.swagger.codegen.v3.AbstractGenerator  : writing file /Users/itoekimura/Code/BIRDNEST/hilla/birdnest/frontend/generated/com/birdnest/application/data/ViolatorReportModel.ts
2023-01-13 22:37:34.401  INFO 66818 --- [ForkJoinPool.commonPool-worker-1] io.swagger.codegen.v3.AbstractGenerator  : writing file /Users/itoekimura/Code/BIRDNEST/hilla/birdnest/frontend/generated/com/birdnest/application/data/ViolatorReport.ts
2023-01-13 22:37:34.405  INFO 66818 --- [ForkJoinPool.commonPool-worker-1] io.swagger.codegen.v3.AbstractGenerator  : writing file /Users/itoekimura/Code/BIRDNEST/hilla/birdnest/frontend/generated/java/lang/RecordModel.ts
2023-01-13 22:37:34.410  INFO 66818 --- [ForkJoinPool.commonPool-worker-1] io.swagger.codegen.v3.AbstractGenerator  : writing file /Users/itoekimura/Code/BIRDNEST/hilla/birdnest/frontend/generated/java/lang/Record.ts
2023-01-13 22:37:34.431  INFO 66818 --- [ForkJoinPool.commonPool-worker-1] io.swagger.codegen.v3.AbstractGenerator  : writing file /Users/itoekimura/Code/BIRDNEST/hilla/birdnest/frontend/generated/ViolatorEndpoint.ts
2023-01-13 22:37:34.438  INFO 66818 --- [ForkJoinPool.commonPool-worker-1] dev.hilla.generator.ClientAPIGenerator   : writing file /Users/itoekimura/Code/BIRDNEST/hilla/birdnest/frontend/generated/endpoints.ts
2023-01-13 22:37:34.456  INFO 66818 --- [ForkJoinPool.commonPool-worker-1] c.v.f.s.frontend.TaskUpdatePackages      : Skipping `npm install` because the frontend packages are already installed in the folder '/Users/itoekimura/Code/BIRDNEST/hilla/birdnest/node_modules' and the hash in the file '/Users/itoekimura/Code/BIRDNEST/hilla/birdnest/node_modules/.vaadin/vaadin.json' is the same as in 'package.json'
2023-01-13 22:37:34.456  INFO 66818 --- [ForkJoinPool.commonPool-worker-1] c.v.f.s.frontend.TaskCopyFrontendFiles   : Copying frontend resources from jar files ...
2023-01-13 22:37:34.466  INFO 66818 --- [ForkJoinPool.commonPool-worker-1] c.v.f.s.frontend.TaskCopyFrontendFiles   : Visited 4 resources. Took 9 ms.
2023-01-13 22:37:34.520  INFO 66818 --- [ForkJoinPool.commonPool-worker-1] c.v.b.devserver.AbstractDevServerRunner  : Starting Vite
2023-01-13 22:37:34.551  INFO 66818 --- [http-nio-8080-exec-1] o.a.c.c.C.[Tomcat].[localhost].[/]       : Initializing Spring DispatcherServlet 'dispatcherServlet'
2023-01-13 22:37:34.551  INFO 66818 --- [http-nio-8080-exec-1] o.s.web.servlet.DispatcherServlet        : Initializing Servlet 'dispatcherServlet'
2023-01-13 22:37:34.552  INFO 66818 --- [http-nio-8080-exec-1] o.s.web.servlet.DispatcherServlet        : Completed initialization in 1 ms
2023-01-13 22:37:34.584  INFO 66818 --- [http-nio-8080-exec-1] c.vaadin.flow.spring.SpringInstantiator  : The number of beans implementing 'I18NProvider' is 0. Cannot use Spring beans for I18N, falling back to the default behavior
2023-01-13 22:37:34.593  INFO 66818 --- [scheduling-1] com.birdnest.application.Monitor         : Received report: Report[deviceInformation=DeviceInformation[deviceId=GUARDB1RD, listenRange=500000.0, deviceStarted=2023-01-13T19:13:36.206Z, uptimeSeconds=5037, updateIntervalMs=2000], capture=Capture[drones=[Lcom.birdnest.application.data.Drone;@39b9c662, snapshotTimestamp=2023-01-13T20:37:32.635]]
2023-01-13 22:37:36.161  INFO 66818 --- [ForkJoinPool.commonPool-worker-1] c.v.b.devserver.AbstractDevServerRunner  : Running Vite to compile frontend resources. This may take a moment, please stand by...
2023-01-13 22:37:36.368  INFO 66818 --- [scheduling-1] com.birdnest.application.Monitor         : Received report: Report[deviceInformation=DeviceInformation[deviceId=GUARDB1RD, listenRange=500000.0, deviceStarted=2023-01-13T19:13:36.206Z, uptimeSeconds=5039, updateIntervalMs=2000], capture=Capture[drones=[Lcom.birdnest.application.data.Drone;@6c175876, snapshotTimestamp=2023-01-13T20:37:34.637]]
2023-01-13 22:37:37.132  INFO 66818 --- [dev-server-output] c.v.b.devserver.DevServerOutputTracker   : 
2023-01-13 22:37:37.132  INFO 66818 --- [dev-server-output] c.v.b.devserver.DevServerOutputTracker   :   VITE v3.2.4  ready in 920 ms
2023-01-13 22:37:37.133  INFO 66818 --- [dev-server-output] c.v.b.devserver.DevServerOutputTracker   : 
2023-01-13 22:37:37.133  INFO 66818 --- [ForkJoinPool.commonPool-worker-1] c.v.b.devserver.AbstractDevServerRunner  : Started Vite. Time: 2612ms
2023-01-13 22:37:37.133  INFO 66818 --- [dev-server-output] c.v.b.devserver.DevServerOutputTracker   :   ➜  Local:   http://127.0.0.1:53358/VAADIN/
2023-01-13 22:37:38.372  INFO 66818 --- [scheduling-1] com.birdnest.application.Monitor         : Received report: Report[deviceInformation=DeviceInformation[deviceId=GUARDB1RD, listenRange=500000.0, deviceStarted=2023-01-13T19:13:36.206Z, uptimeSeconds=5041, updateIntervalMs=2000], capture=Capture[drones=[Lcom.birdnest.application.data.Drone;@5e59b05e, snapshotTimestamp=2023-01-13T20:37:36.638]]
2023-01-13 22:37:40.363  INFO 66818 --- [scheduling-1] com.birdnest.application.Monitor         : Received report: Report[deviceInformation=DeviceInformation[deviceId=GUARDB1RD, listenRange=500000.0, deviceStarted=2023-01-13T19:13:36.206Z, uptimeSeconds=5043, updateIntervalMs=2000], capture=Capture[drones=[Lcom.birdnest.application.data.Drone;@4ae981de, snapshotTimestamp=2023-01-13T20:37:38.640]]
2023-01-13 22:37:41.637  INFO 66818 --- [dev-server-output] c.v.b.devserver.DevServerOutputTracker   : 
2023-01-13 22:37:41.637  INFO 66818 --- [dev-server-output] c.v.b.devserver.DevServerOutputTracker   : [TypeScript] Found 0 errors. Watching for file changes.
2023-01-13 22:37:42.373  INFO 66818 --- [scheduling-1] com.birdnest.application.Monitor         : Received report: Report[deviceInformation=DeviceInformation[deviceId=GUARDB1RD, listenRange=500000.0, deviceStarted=2023-01-13T19:13:36.206Z, uptimeSeconds=5045, updateIntervalMs=2000], capture=Capture[drones=[Lcom.birdnest.application.data.Drone;@7e3ff0d3, snapshotTimestamp=2023-01-13T20:37:40.642]]
2023-01-13 22:37:44.367  INFO 66818 --- [scheduling-1] com.birdnest.application.Monitor         : Received report: Report[deviceInformation=DeviceInformation[deviceId=GUARDB1RD, listenRange=500000.0, deviceStarted=2023-01-13T19:13:36.206Z, uptimeSeconds=5047, updateIntervalMs=2000], capture=Capture[drones=[Lcom.birdnest.application.data.Drone;@6511b65f, snapshotTimestamp=2023-01-13T20:37:42.643]]
2023-01-13 22:37:46.367  INFO 66818 --- [scheduling-1] com.birdnest.application.Monitor         : Received report: Report[deviceInformation=DeviceInformation[deviceId=GUARDB1RD, listenRange=500000.0, deviceStarted=2023-01-13T19:13:36.206Z, uptimeSeconds=5049, updateIntervalMs=2000], capture=Capture[drones=[Lcom.birdnest.application.data.Drone;@39a36341, snapshotTimestamp=2023-01-13T20:37:44.646]]
2023-01-13 22:37:48.370  INFO 66818 --- [scheduling-1] com.birdnest.application.Monitor         : Received report: Report[deviceInformation=DeviceInformation[deviceId=GUARDB1RD, listenRange=500000.0, deviceStarted=2023-01-13T19:13:36.206Z, uptimeSeconds=5051, updateIntervalMs=2000], capture=Capture[drones=[Lcom.birdnest.application.data.Drone;@323d20c3, snapshotTimestamp=2023-01-13T20:37:46.647]]
2023-01-13 22:37:50.362  INFO 66818 --- [scheduling-1] com.birdnest.application.Monitor         : Received report: Report[deviceInformation=DeviceInformation[deviceId=GUARDB1RD, listenRange=500000.0, deviceStarted=2023-01-13T19:13:36.206Z, uptimeSeconds=5053, updateIntervalMs=2000], capture=Capture[drones=[Lcom.birdnest.application.data.Drone;@3305e73f, snapshotTimestamp=2023-01-13T20:37:48.649]]
2023-01-13 22:37:52.371  INFO 66818 --- [scheduling-1] com.birdnest.application.Monitor         : Received report: Report[deviceInformation=DeviceInformation[deviceId=GUARDB1RD, listenRange=500000.0, deviceStarted=2023-01-13T19:13:36.206Z, uptimeSeconds=5055, updateIntervalMs=2000], capture=Capture[drones=[Lcom.birdnest.application.data.Drone;@5b4e0c4e, snapshotTimestamp=2023-01-13T20:37:50.650]]
2023-01-13 22:37:54.363  INFO 66818 --- [scheduling-1] com.birdnest.application.Monitor         : Received report: Report[deviceInformation=DeviceInformation[deviceId=GUARDB1RD, listenRange=500000.0, deviceStarted=2023-01-13T19:13:36.206Z, uptimeSeconds=5057, updateIntervalMs=2000], capture=Capture[drones=[Lcom.birdnest.application.data.Drone;@7955c50d, snapshotTimestamp=2023-01-13T20:37:52.651]]
2023-01-13 22:37:56.373  INFO 66818 --- [scheduling-1] com.birdnest.application.Monitor         : Received report: Report[deviceInformation=DeviceInformation[deviceId=GUARDB1RD, listenRange=500000.0, deviceStarted=2023-01-13T19:13:36.206Z, uptimeSeconds=5059, updateIntervalMs=2000], capture=Capture[drones=[Lcom.birdnest.application.data.Drone;@2235c9dc, snapshotTimestamp=2023-01-13T20:37:54.652]]
2023-01-13 22:37:58.365  INFO 66818 --- [scheduling-1] com.birdnest.application.Monitor         : Received report: Report[deviceInformation=DeviceInformation[deviceId=GUARDB1RD, listenRange=500000.0, deviceStarted=2023-01-13T19:13:36.206Z, uptimeSeconds=5061, updateIntervalMs=2000], capture=Capture[drones=[Lcom.birdnest.application.data.Drone;@3e15eeba, snapshotTimestamp=2023-01-13T20:37:56.653]]
2023-01-13 22:38:00.367  INFO 66818 --- [scheduling-1] com.birdnest.application.Monitor         : Received report: Report[deviceInformation=DeviceInformation[deviceId=GUARDB1RD, listenRange=500000.0, deviceStarted=2023-01-13T19:13:36.206Z, uptimeSeconds=5063, updateIntervalMs=2000], capture=Capture[drones=[Lcom.birdnest.application.data.Drone;@1592b94a, snapshotTimestamp=2023-01-13T20:37:58.654]]
2023-01-13 22:38:02.364  INFO 66818 --- [scheduling-1] com.birdnest.application.Monitor         : Received report: Report[deviceInformation=DeviceInformation[deviceId=GUARDB1RD, listenRange=500000.0, deviceStarted=2023-01-13T19:13:36.206Z, uptimeSeconds=5065, updateIntervalMs=2000], capture=Capture[drones=[Lcom.birdnest.application.data.Drone;@42387b58, snapshotTimestamp=2023-01-13T20:38:00.656]]
2023-01-13 22:38:04.378  INFO 66818 --- [scheduling-1] com.birdnest.application.Monitor         : Received report: Report[deviceInformation=DeviceInformation[deviceId=GUARDB1RD, listenRange=500000.0, deviceStarted=2023-01-13T19:13:36.206Z, uptimeSeconds=5067, updateIntervalMs=2000], capture=Capture[drones=[Lcom.birdnest.application.data.Drone;@4ecf21ea, snapshotTimestamp=2023-01-13T20:38:02.657]]
2023-01-13 22:38:06.476  INFO 66818 --- [scheduling-1] com.birdnest.application.Monitor         : Received report: Report[deviceInformation=DeviceInformation[deviceId=GUARDB1RD, listenRange=500000.0, deviceStarted=2023-01-13T19:13:36.206Z, uptimeSeconds=5069, updateIntervalMs=2000], capture=Capture[drones=[Lcom.birdnest.application.data.Drone;@5f3e66b7, snapshotTimestamp=2023-01-13T20:38:04.658]]
2023-01-13 22:38:08.368  INFO 66818 --- [scheduling-1] com.birdnest.application.Monitor         : Received report: Report[deviceInformation=DeviceInformation[deviceId=GUARDB1RD, listenRange=500000.0, deviceStarted=2023-01-13T19:13:36.206Z, uptimeSeconds=5071, updateIntervalMs=2000], capture=Capture[drones=[Lcom.birdnest.application.data.Drone;@5f66dcf3, snapshotTimestamp=2023-01-13T20:38:06.659]]
2023-01-13 22:38:10.373  INFO 66818 --- [scheduling-1] com.birdnest.application.Monitor         : Received report: Report[deviceInformation=DeviceInformation[deviceId=GUARDB1RD, listenRange=500000.0, deviceStarted=2023-01-13T19:13:36.206Z, uptimeSeconds=5073, updateIntervalMs=2000], capture=Capture[drones=[Lcom.birdnest.application.data.Drone;@5e058efc, snapshotTimestamp=2023-01-13T20:38:08.662]]
2023-01-13 22:38:12.367  INFO 66818 --- [scheduling-1] com.birdnest.application.Monitor         : Received report: Report[deviceInformation=DeviceInformation[deviceId=GUARDB1RD, listenRange=500000.0, deviceStarted=2023-01-13T19:13:36.206Z, uptimeSeconds=5075, updateIntervalMs=2000], capture=Capture[drones=[Lcom.birdnest.application.data.Drone;@697224a7, snapshotTimestamp=2023-01-13T20:38:10.670]]
2023-01-13 22:38:14.362  INFO 66818 --- [scheduling-1] com.birdnest.application.Monitor         : Received report: Report[deviceInformation=DeviceInformation[deviceId=GUARDB1RD, listenRange=500000.0, deviceStarted=2023-01-13T19:13:36.206Z, uptimeSeconds=5077, updateIntervalMs=2000], capture=Capture[drones=[Lcom.birdnest.application.data.Drone;@45d5fce0, snapshotTimestamp=2023-01-13T20:38:12.671]]
2023-01-13 22:38:16.379  INFO 66818 --- [scheduling-1] com.birdnest.application.Monitor         : Received report: Report[deviceInformation=DeviceInformation[deviceId=GUARDB1RD, listenRange=500000.0, deviceStarted=2023-01-13T19:13:36.206Z, uptimeSeconds=5079, updateIntervalMs=2000], capture=Capture[drones=[Lcom.birdnest.application.data.Drone;@2c3d21ed, snapshotTimestamp=2023-01-13T20:38:14.673]]
2023-01-13 22:38:18.367  INFO 66818 --- [scheduling-1] com.birdnest.application.Monitor         : Received report: Report[deviceInformation=DeviceInformation[deviceId=GUARDB1RD, listenRange=500000.0, deviceStarted=2023-01-13T19:13:36.206Z, uptimeSeconds=5081, updateIntervalMs=2000], capture=Capture[drones=[Lcom.birdnest.application.data.Drone;@5ebd28f8, snapshotTimestamp=2023-01-13T20:38:16.675]]
2023-01-13 22:38:20.367  INFO 66818 --- [scheduling-1] com.birdnest.application.Monitor         : Received report: Report[deviceInformation=DeviceInformation[deviceId=GUARDB1RD, listenRange=500000.0, deviceStarted=2023-01-13T19:13:36.206Z, uptimeSeconds=5083, updateIntervalMs=2000], capture=Capture[drones=[Lcom.birdnest.application.data.Drone;@26126894, snapshotTimestamp=2023-01-13T20:38:18.676]]
2023-01-13 22:38:22.367  INFO 66818 --- [scheduling-1] com.birdnest.application.Monitor         : Received report: Report[deviceInformation=DeviceInformation[deviceId=GUARDB1RD, listenRange=500000.0, deviceStarted=2023-01-13T19:13:36.206Z, uptimeSeconds=5085, updateIntervalMs=2000], capture=Capture[drones=[Lcom.birdnest.application.data.Drone;@4c4ab24a, snapshotTimestamp=2023-01-13T20:38:20.677]]
2023-01-13 22:38:24.368  INFO 66818 --- [scheduling-1] com.birdnest.application.Monitor         : Received report: Report[deviceInformation=DeviceInformation[deviceId=GUARDB1RD, listenRange=500000.0, deviceStarted=2023-01-13T19:13:36.206Z, uptimeSeconds=5087, updateIntervalMs=2000], capture=Capture[drones=[Lcom.birdnest.application.data.Drone;@93dd067, snapshotTimestamp=2023-01-13T20:38:22.679]]
2023-01-13 22:38:26.364  INFO 66818 --- [scheduling-1] com.birdnest.application.Monitor         : Received report: Report[deviceInformation=DeviceInformation[deviceId=GUARDB1RD, listenRange=500000.0, deviceStarted=2023-01-13T19:13:36.206Z, uptimeSeconds=5089, updateIntervalMs=2000], capture=Capture[drones=[Lcom.birdnest.application.data.Drone;@3e70d350, snapshotTimestamp=2023-01-13T20:38:24.681]]
2023-01-13 22:38:28.362  INFO 66818 --- [scheduling-1] com.birdnest.application.Monitor         : Received report: Report[deviceInformation=DeviceInformation[deviceId=GUARDB1RD, listenRange=500000.0, deviceStarted=2023-01-13T19:13:36.206Z, uptimeSeconds=5091, updateIntervalMs=2000], capture=Capture[drones=[Lcom.birdnest.application.data.Drone;@b134ac2, snapshotTimestamp=2023-01-13T20:38:26.683]]
2023-01-13 22:38:30.363  INFO 66818 --- [scheduling-1] com.birdnest.application.Monitor         : Received report: Report[deviceInformation=DeviceInformation[deviceId=GUARDB1RD, listenRange=500000.0, deviceStarted=2023-01-13T19:13:36.206Z, uptimeSeconds=5093, updateIntervalMs=2000], capture=Capture[drones=[Lcom.birdnest.application.data.Drone;@758b35cd, snapshotTimestamp=2023-01-13T20:38:28.684]]
2023-01-13 22:38:32.367  INFO 66818 --- [scheduling-1] com.birdnest.application.Monitor         : Received report: Report[deviceInformation=DeviceInformation[deviceId=GUARDB1RD, listenRange=500000.0, deviceStarted=2023-01-13T19:13:36.206Z, uptimeSeconds=5095, updateIntervalMs=2000], capture=Capture[drones=[Lcom.birdnest.application.data.Drone;@4dd9927f, snapshotTimestamp=2023-01-13T20:38:30.685]]
2023-01-13 22:38:34.362  INFO 66818 --- [scheduling-1] com.birdnest.application.Monitor         : Received report: Report[deviceInformation=DeviceInformation[deviceId=GUARDB1RD, listenRange=500000.0, deviceStarted=2023-01-13T19:13:36.206Z, uptimeSeconds=5097, updateIntervalMs=2000], capture=Capture[drones=[Lcom.birdnest.application.data.Drone;@5c0d845c, snapshotTimestamp=2023-01-13T20:38:32.686]]
2023-01-13 22:38:36.357  INFO 66818 --- [scheduling-1] com.birdnest.application.Monitor         : Received report: Report[deviceInformation=DeviceInformation[deviceId=GUARDB1RD, listenRange=500000.0, deviceStarted=2023-01-13T19:13:36.206Z, uptimeSeconds=5099, updateIntervalMs=2000], capture=Capture[drones=[Lcom.birdnest.application.data.Drone;@5dd674e4, snapshotTimestamp=2023-01-13T20:38:34.687]]
2023-01-13 22:38:38.402  INFO 66818 --- [scheduling-1] com.birdnest.application.Monitor         : Received report: Report[deviceInformation=DeviceInformation[deviceId=GUARDB1RD, listenRange=500000.0, deviceStarted=2023-01-13T19:13:36.206Z, uptimeSeconds=5101, updateIntervalMs=2000], capture=Capture[drones=[Lcom.birdnest.application.data.Drone;@715f17ce, snapshotTimestamp=2023-01-13T20:38:36.688]]
2023-01-13 22:38:40.362  INFO 66818 --- [scheduling-1] com.birdnest.application.Monitor         : Received report: Report[deviceInformation=DeviceInformation[deviceId=GUARDB1RD, listenRange=500000.0, deviceStarted=2023-01-13T19:13:36.206Z, uptimeSeconds=5103, updateIntervalMs=2000], capture=Capture[drones=[Lcom.birdnest.application.data.Drone;@709439f0, snapshotTimestamp=2023-01-13T20:38:38.690]]
2023-01-13 22:38:42.361  INFO 66818 --- [scheduling-1] com.birdnest.application.Monitor         : Received report: Report[deviceInformation=DeviceInformation[deviceId=GUARDB1RD, listenRange=500000.0, deviceStarted=2023-01-13T19:13:36.206Z, uptimeSeconds=5105, updateIntervalMs=2000], capture=Capture[drones=[Lcom.birdnest.application.data.Drone;@400b6cda, snapshotTimestamp=2023-01-13T20:38:40.691]]
2023-01-13 22:38:44.363  INFO 66818 --- [scheduling-1] com.birdnest.application.Monitor         : Received report: Report[deviceInformation=DeviceInformation[deviceId=GUARDB1RD, listenRange=500000.0, deviceStarted=2023-01-13T19:13:36.206Z, uptimeSeconds=5107, updateIntervalMs=2000], capture=Capture[drones=[Lcom.birdnest.application.data.Drone;@2e14416b, snapshotTimestamp=2023-01-13T20:38:42.692]]
2023-01-13 22:38:46.367  INFO 66818 --- [scheduling-1] com.birdnest.application.Monitor         : Received report: Report[deviceInformation=DeviceInformation[deviceId=GUARDB1RD, listenRange=500000.0, deviceStarted=2023-01-13T19:13:36.206Z, uptimeSeconds=5109, updateIntervalMs=2000], capture=Capture[drones=[Lcom.birdnest.application.data.Drone;@277cc200, snapshotTimestamp=2023-01-13T20:38:44.693]]
2023-01-13 22:38:48.361  INFO 66818 --- [scheduling-1] com.birdnest.application.Monitor         : Received report: Report[deviceInformation=DeviceInformation[deviceId=GUARDB1RD, listenRange=500000.0, deviceStarted=2023-01-13T19:13:36.206Z, uptimeSeconds=5111, updateIntervalMs=2000], capture=Capture[drones=[Lcom.birdnest.application.data.Drone;@767634a6, snapshotTimestamp=2023-01-13T20:38:46.695]]
2023-01-13 22:38:50.362  INFO 66818 --- [scheduling-1] com.birdnest.application.Monitor         : Received report: Report[deviceInformation=DeviceInformation[deviceId=GUARDB1RD, listenRange=500000.0, deviceStarted=2023-01-13T19:13:36.206Z, uptimeSeconds=5113, updateIntervalMs=2000], capture=Capture[drones=[Lcom.birdnest.application.data.Drone;@6d00fb0e, snapshotTimestamp=2023-01-13T20:38:48.697]]
2023-01-13 22:38:52.361  INFO 66818 --- [scheduling-1] com.birdnest.application.Monitor         : Received report: Report[deviceInformation=DeviceInformation[deviceId=GUARDB1RD, listenRange=500000.0, deviceStarted=2023-01-13T19:13:36.206Z, uptimeSeconds=5115, updateIntervalMs=2000], capture=Capture[drones=[Lcom.birdnest.application.data.Drone;@6193e0dc, snapshotTimestamp=2023-01-13T20:38:50.698]]
2023-01-13 22:38:54.358  INFO 66818 --- [scheduling-1] com.birdnest.application.Monitor         : Received report: Report[deviceInformation=DeviceInformation[deviceId=GUARDB1RD, listenRange=500000.0, deviceStarted=2023-01-13T19:13:36.206Z, uptimeSeconds=5117, updateIntervalMs=2000], capture=Capture[drones=[Lcom.birdnest.application.data.Drone;@20be422c, snapshotTimestamp=2023-01-13T20:38:52.700]]
2023-01-13 22:38:55.954  INFO 66818 --- [dev-server-output] c.v.b.devserver.DevServerOutputTracker   : [vite] hmr update /views/about/AboutView.tsx
2023-01-13 22:38:56.370  INFO 66818 --- [scheduling-1] com.birdnest.application.Monitor         : Received report: Report[deviceInformation=DeviceInformation[deviceId=GUARDB1RD, listenRange=500000.0, deviceStarted=2023-01-13T19:13:36.206Z, uptimeSeconds=5119, updateIntervalMs=2000], capture=Capture[drones=[Lcom.birdnest.application.data.Drone;@672a9199, snapshotTimestamp=2023-01-13T20:38:54.701]]
2023-01-13 22:38:57.510  INFO 66818 --- [dev-server-output] c.v.b.devserver.DevServerOutputTracker   : 
2023-01-13 22:38:57.511  INFO 66818 --- [dev-server-output] c.v.b.devserver.DevServerOutputTracker   : [TypeScript] Found 0 errors. Watching for file changes.
2023-01-13 22:38:58.358  INFO 66818 --- [scheduling-1] com.birdnest.application.Monitor         : Received report: Report[deviceInformation=DeviceInformation[deviceId=GUARDB1RD, listenRange=500000.0, deviceStarted=2023-01-13T19:13:36.206Z, uptimeSeconds=5121, updateIntervalMs=2000], capture=Capture[drones=[Lcom.birdnest.application.data.Drone;@d18cef9, snapshotTimestamp=2023-01-13T20:38:56.702]]
2023-01-13 22:38:58.500  INFO 66818 --- [dev-server-output] c.v.b.devserver.DevServerOutputTracker   : 
2023-01-13 22:38:58.500  INFO 66818 --- [dev-server-output] c.v.b.devserver.DevServerOutputTracker   : [TypeScript] Found 0 errors. Watching for file changes.
2023-01-13 22:39:00.366  INFO 66818 --- [scheduling-1] com.birdnest.application.Monitor         : Received report: Report[deviceInformation=DeviceInformation[deviceId=GUARDB1RD, listenRange=500000.0, deviceStarted=2023-01-13T19:13:36.206Z, uptimeSeconds=5123, updateIntervalMs=2000], capture=Capture[drones=[Lcom.birdnest.application.data.Drone;@73734a86, snapshotTimestamp=2023-01-13T20:38:58.703]]
2023-01-13 22:39:02.364  INFO 66818 --- [scheduling-1] com.birdnest.application.Monitor         : Received report: Report[deviceInformation=DeviceInformation[deviceId=GUARDB1RD, listenRange=500000.0, deviceStarted=2023-01-13T19:13:36.206Z, uptimeSeconds=5125, updateIntervalMs=2000], capture=Capture[drones=[Lcom.birdnest.application.data.Drone;@210ec9e6, snapshotTimestamp=2023-01-13T20:39:00.705]]
2023-01-13 22:39:04.367  INFO 66818 --- [scheduling-1] com.birdnest.application.Monitor         : Received report: Report[deviceInformation=DeviceInformation[deviceId=GUARDB1RD, listenRange=500000.0, deviceStarted=2023-01-13T19:13:36.206Z, uptimeSeconds=5127, updateIntervalMs=2000], capture=Capture[drones=[Lcom.birdnest.application.data.Drone;@129b2207, snapshotTimestamp=2023-01-13T20:39:02.709]]
2023-01-13 22:39:06.357  INFO 66818 --- [scheduling-1] com.birdnest.application.Monitor         : Received report: Report[deviceInformation=DeviceInformation[deviceId=GUARDB1RD, listenRange=500000.0, deviceStarted=2023-01-13T19:13:36.206Z, uptimeSeconds=5129, updateIntervalMs=2000], capture=Capture[drones=[Lcom.birdnest.application.data.Drone;@59bf59ab, snapshotTimestamp=2023-01-13T20:39:04.710]]
2023-01-13 22:39:08.368  INFO 66818 --- [scheduling-1] com.birdnest.application.Monitor         : Received report: Report[deviceInformation=DeviceInformation[deviceId=GUARDB1RD, listenRange=500000.0, deviceStarted=2023-01-13T19:13:36.206Z, uptimeSeconds=5131, updateIntervalMs=2000], capture=Capture[drones=[Lcom.birdnest.application.data.Drone;@30711f60, snapshotTimestamp=2023-01-13T20:39:06.712]]
